{"C:\\dev\\projects\\postcss-shadowdom\\src\\index.ts": {"path":"C:\\dev\\projects\\postcss-shadowdom\\src\\index.ts","statementMap":{"0":{"start":{"line":5,"column":25},"end":{"line":22,"column":1}},"1":{"start":{"line":6,"column":2},"end":{"line":21,"column":4}},"2":{"start":{"line":9,"column":6},"end":{"line":19,"column":7}},"3":{"start":{"line":10,"column":8},"end":{"line":10,"column":68}},"4":{"start":{"line":12,"column":8},"end":{"line":18,"column":10}},"5":{"start":{"line":15,"column":31},"end":{"line":15,"column":72}},"6":{"start":{"line":16,"column":12},"end":{"line":16,"column":51}},"7":{"start":{"line":24,"column":0},"end":{"line":24,"column":32}},"8":{"start":{"line":26,"column":0},"end":{"line":26,"column":26}}},"fnMap":{"0":{"name":"(anonymous_0)","decl":{"start":{"line":5,"column":25},"end":{"line":5,"column":26}},"loc":{"start":{"line":5,"column":70},"end":{"line":22,"column":1}}},"1":{"name":"(anonymous_1)","decl":{"start":{"line":8,"column":4},"end":{"line":8,"column":8}},"loc":{"start":{"line":8,"column":19},"end":{"line":20,"column":5}}},"2":{"name":"(anonymous_2)","decl":{"start":{"line":14,"column":10},"end":{"line":14,"column":11}},"loc":{"start":{"line":14,"column":20},"end":{"line":17,"column":11}}}},"branchMap":{"0":{"loc":{"start":{"line":5,"column":26},"end":{"line":5,"column":58}},"type":"default-arg","locations":[{"start":{"line":5,"column":56},"end":{"line":5,"column":58}}]},"1":{"loc":{"start":{"line":9,"column":6},"end":{"line":19,"column":7}},"type":"if","locations":[{"start":{"line":9,"column":6},"end":{"line":19,"column":7}}]},"2":{"loc":{"start":{"line":15,"column":31},"end":{"line":15,"column":72}},"type":"binary-expr","locations":[{"start":{"line":15,"column":31},"end":{"line":15,"column":66}},{"start":{"line":15,"column":70},"end":{"line":15,"column":72}}]}},"s":{"0":1,"1":23,"2":29,"3":26,"4":26,"5":3,"6":3,"7":1,"8":1},"f":{"0":23,"1":29,"2":3},"b":{"0":[23],"1":[26],"2":[3,0]}}
}
