{"C:\\dev\\projects\\postcss-shadowdom\\src\\index.ts": {"path":"C:\\dev\\projects\\postcss-shadowdom\\src\\index.ts","statementMap":{"0":{"start":{"line":7,"column":25},"end":{"line":27,"column":1}},"1":{"start":{"line":8,"column":43},"end":{"line":8,"column":47}},"2":{"start":{"line":10,"column":2},"end":{"line":26,"column":4}},"3":{"start":{"line":13,"column":6},"end":{"line":24,"column":7}},"4":{"start":{"line":14,"column":8},"end":{"line":14,"column":79}},"5":{"start":{"line":16,"column":8},"end":{"line":23,"column":10}},"6":{"start":{"line":20,"column":14},"end":{"line":20,"column":79}},"7":{"start":{"line":21,"column":12},"end":{"line":21,"column":67}},"8":{"start":{"line":29,"column":0},"end":{"line":29,"column":32}},"9":{"start":{"line":31,"column":0},"end":{"line":31,"column":26}}},"fnMap":{"0":{"name":"(anonymous_0)","decl":{"start":{"line":7,"column":25},"end":{"line":7,"column":26}},"loc":{"start":{"line":7,"column":70},"end":{"line":27,"column":1}}},"1":{"name":"(anonymous_1)","decl":{"start":{"line":12,"column":4},"end":{"line":12,"column":8}},"loc":{"start":{"line":12,"column":19},"end":{"line":25,"column":5}}},"2":{"name":"(anonymous_2)","decl":{"start":{"line":18,"column":10},"end":{"line":18,"column":11}},"loc":{"start":{"line":18,"column":20},"end":{"line":22,"column":11}}}},"branchMap":{"0":{"loc":{"start":{"line":7,"column":26},"end":{"line":7,"column":58}},"type":"default-arg","locations":[{"start":{"line":7,"column":56},"end":{"line":7,"column":58}}]},"1":{"loc":{"start":{"line":8,"column":10},"end":{"line":8,"column":38}},"type":"default-arg","locations":[{"start":{"line":8,"column":31},"end":{"line":8,"column":38}}]},"2":{"loc":{"start":{"line":13,"column":6},"end":{"line":24,"column":7}},"type":"if","locations":[{"start":{"line":13,"column":6},"end":{"line":24,"column":7}}]},"3":{"loc":{"start":{"line":20,"column":14},"end":{"line":20,"column":79}},"type":"binary-expr","locations":[{"start":{"line":20,"column":14},"end":{"line":20,"column":73}},{"start":{"line":20,"column":77},"end":{"line":20,"column":79}}]}},"s":{"0":1,"1":32,"2":32,"3":38,"4":35,"5":35,"6":5,"7":5,"8":1,"9":1},"f":{"0":32,"1":38,"2":5},"b":{"0":[0],"1":[24],"2":[35],"3":[5,0]}}
}
